[[1;34mINFO[m] Scanning for projects...
[[1;34mINFO[m] 
[[1;34mINFO[m] [1m---------------------------< [0;36mcom.user:demo[0;1m >----------------------------[m
[[1;34mINFO[m] [1mBuilding demo 0.0.1-SNAPSHOT[m
[[1;34mINFO[m] [1m--------------------------------[ jar ]---------------------------------[m
[[1;34mINFO[m] 
[[1;34mINFO[m] [1m>>> [0;32mspring-boot-maven-plugin:3.0.1:run[m [1m(default-cli)[0;1m > [0;1mtest-compile[m @ [36mdemo[0;1m >>>[m
[[1;34mINFO[m] 
[[1;34mINFO[m] [1m--- [0;32mmaven-resources-plugin:3.3.0:resources[m [1m(default-resources)[m @ [36mdemo[0;1m ---[m
[[1;34mINFO[m] Copying 2 resources
[[1;34mINFO[m] Copying 0 resource
[[1;34mINFO[m] 
[[1;34mINFO[m] [1m--- [0;32mmaven-compiler-plugin:3.10.1:compile[m [1m(default-compile)[m @ [36mdemo[0;1m ---[m
[[1;34mINFO[m] Nothing to compile - all classes are up to date
[[1;34mINFO[m] 
[[1;34mINFO[m] [1m--- [0;32mmaven-resources-plugin:3.3.0:testResources[m [1m(default-testResources)[m @ [36mdemo[0;1m ---[m
[[1;34mINFO[m] skip non existing resourceDirectory /home/developer/Microservices/ServiceRegistry/demo/src/test/resources
[[1;34mINFO[m] 
[[1;34mINFO[m] [1m--- [0;32mmaven-compiler-plugin:3.10.1:testCompile[m [1m(default-testCompile)[m @ [36mdemo[0;1m ---[m
[[1;34mINFO[m] Nothing to compile - all classes are up to date
[[1;34mINFO[m] 
[[1;34mINFO[m] [1m<<< [0;32mspring-boot-maven-plugin:3.0.1:run[m [1m(default-cli)[0;1m < [0;1mtest-compile[m @ [36mdemo[0;1m <<<[m
[[1;34mINFO[m] 
[[1;34mINFO[m] 
[[1;34mINFO[m] [1m--- [0;32mspring-boot-maven-plugin:3.0.1:run[m [1m(default-cli)[m @ [36mdemo[0;1m ---[m
[[1;34mINFO[m] Attaching agents: []

  .   ____          _            __ _ _
 /\\ / ___'_ __ _ _(_)_ __  __ _ \ \ \ \
( ( )\___ | '_ | '_| | '_ \/ _` | \ \ \ \
 \\/  ___)| |_)| | | | | || (_| |  ) ) ) )
  '  |____| .__|_| |_|_| |_\__, | / / / /
 =========|_|==============|___/=/_/_/_/
 :: Spring Boot ::                (v3.0.1)

2024-01-30T19:49:59.416+05:30  INFO 37362 --- [           main] c.serviceragistry.demo.DemoApplication   : Starting DemoApplication using Java 17.0.9 with PID 37362 (/home/developer/Microservices/ServiceRegistry/demo/target/classes started by developer in /home/developer/Microservices/ServiceRegistry/demo)
2024-01-30T19:49:59.424+05:30  INFO 37362 --- [           main] c.serviceragistry.demo.DemoApplication   : No active profile set, falling back to 1 default profile: "default"
2024-01-30T19:50:00.984+05:30  INFO 37362 --- [           main] o.s.cloud.context.scope.GenericScope     : BeanFactory id=bec2da03-7bd1-3439-b610-91f626c5494e
2024-01-30T19:50:01.228+05:30  INFO 37362 --- [           main] o.s.b.w.embedded.tomcat.TomcatWebServer  : Tomcat initialized with port(s): 8761 (http)
2024-01-30T19:50:01.238+05:30  INFO 37362 --- [           main] o.apache.catalina.core.StandardService   : Starting service [Tomcat]
2024-01-30T19:50:01.239+05:30  INFO 37362 --- [           main] o.apache.catalina.core.StandardEngine    : Starting Servlet engine: [Apache Tomcat/10.1.4]
2024-01-30T19:50:01.327+05:30  INFO 37362 --- [           main] o.a.c.c.C.[Tomcat].[localhost].[/]       : Initializing Spring embedded WebApplicationContext
2024-01-30T19:50:01.328+05:30  INFO 37362 --- [           main] w.s.c.ServletWebServerApplicationContext : Root WebApplicationContext: initialization completed in 1792 ms
2024-01-30T19:50:01.980+05:30  INFO 37362 --- [           main] c.n.d.provider.DiscoveryJerseyProvider   : Using JSON encoding codec LegacyJacksonJson
2024-01-30T19:50:01.981+05:30  INFO 37362 --- [           main] c.n.d.provider.DiscoveryJerseyProvider   : Using JSON decoding codec LegacyJacksonJson
2024-01-30T19:50:02.137+05:30  INFO 37362 --- [           main] c.n.d.provider.DiscoveryJerseyProvider   : Using XML encoding codec XStreamXml
2024-01-30T19:50:02.137+05:30  INFO 37362 --- [           main] c.n.d.provider.DiscoveryJerseyProvider   : Using XML decoding codec XStreamXml
2024-01-30T19:50:02.857+05:30  WARN 37362 --- [           main] iguration$LoadBalancerCaffeineWarnLogger : Spring Cloud LoadBalancer is currently working with the default cache. While this cache implementation is useful for development and tests, it's recommended to use Caffeine cache in production.You can switch to using Caffeine cache, by adding it and org.springframework.cache.caffeine.CaffeineCacheManager to the classpath.
2024-01-30T19:50:02.873+05:30  INFO 37362 --- [           main] o.s.c.n.eureka.InstanceInfoFactory       : Setting initial instance status as: STARTING
2024-01-30T19:50:02.891+05:30  INFO 37362 --- [           main] com.netflix.discovery.DiscoveryClient    : Initializing Eureka in region us-east-1
2024-01-30T19:50:02.891+05:30  INFO 37362 --- [           main] com.netflix.discovery.DiscoveryClient    : Client configured to neither register nor query for data.
2024-01-30T19:50:02.895+05:30  INFO 37362 --- [           main] com.netflix.discovery.DiscoveryClient    : Discovery Client initialized at timestamp 1706624402894 with initial instances count: 0
2024-01-30T19:50:02.921+05:30  INFO 37362 --- [           main] c.n.eureka.DefaultEurekaServerContext    : Initializing ...
2024-01-30T19:50:02.923+05:30  INFO 37362 --- [           main] c.n.eureka.cluster.PeerEurekaNodes       : Adding new peer nodes [http://localhost:8761/eureka/]
2024-01-30T19:50:03.036+05:30  INFO 37362 --- [           main] c.n.d.provider.DiscoveryJerseyProvider   : Using JSON encoding codec LegacyJacksonJson
2024-01-30T19:50:03.036+05:30  INFO 37362 --- [           main] c.n.d.provider.DiscoveryJerseyProvider   : Using JSON decoding codec LegacyJacksonJson
2024-01-30T19:50:03.036+05:30  INFO 37362 --- [           main] c.n.d.provider.DiscoveryJerseyProvider   : Using XML encoding codec XStreamXml
2024-01-30T19:50:03.036+05:30  INFO 37362 --- [           main] c.n.d.provider.DiscoveryJerseyProvider   : Using XML decoding codec XStreamXml
2024-01-30T19:50:03.080+05:30  INFO 37362 --- [           main] c.n.eureka.cluster.PeerEurekaNodes       : Replica node URL:  http://localhost:8761/eureka/
2024-01-30T19:50:03.085+05:30  INFO 37362 --- [           main] c.n.e.registry.AbstractInstanceRegistry  : Finished initializing remote region registries. All known remote regions: []
2024-01-30T19:50:03.085+05:30  INFO 37362 --- [           main] c.n.eureka.DefaultEurekaServerContext    : Initialized
2024-01-30T19:50:03.100+05:30  INFO 37362 --- [           main] o.s.b.a.e.web.EndpointLinksResolver      : Exposing 1 endpoint(s) beneath base path '/actuator'
2024-01-30T19:50:03.124+05:30  INFO 37362 --- [           main] o.s.c.n.e.s.EurekaServiceRegistry        : Registering application EUREKA-SERVER with eureka with status UP
2024-01-30T19:50:03.131+05:30  INFO 37362 --- [       Thread-9] o.s.c.n.e.server.EurekaServerBootstrap   : isAws returned false
2024-01-30T19:50:03.131+05:30  INFO 37362 --- [       Thread-9] o.s.c.n.e.server.EurekaServerBootstrap   : Initialized server context
2024-01-30T19:50:03.131+05:30  INFO 37362 --- [       Thread-9] c.n.e.r.PeerAwareInstanceRegistryImpl    : Got 1 instances from neighboring DS node
2024-01-30T19:50:03.131+05:30  INFO 37362 --- [       Thread-9] c.n.e.r.PeerAwareInstanceRegistryImpl    : Renew threshold is: 1
2024-01-30T19:50:03.132+05:30  INFO 37362 --- [       Thread-9] c.n.e.r.PeerAwareInstanceRegistryImpl    : Changing status to UP
2024-01-30T19:50:03.137+05:30  INFO 37362 --- [       Thread-9] e.s.EurekaServerInitializerConfiguration : Started Eureka Server
2024-01-30T19:50:03.138+05:30  INFO 37362 --- [           main] o.s.b.w.embedded.tomcat.TomcatWebServer  : Tomcat started on port(s): 8761 (http) with context path ''
2024-01-30T19:50:03.139+05:30  INFO 37362 --- [           main] .s.c.n.e.s.EurekaAutoServiceRegistration : Updating port to 8761
2024-01-30T19:50:03.250+05:30  INFO 37362 --- [           main] c.serviceragistry.demo.DemoApplication   : Started DemoApplication in 4.697 seconds (process running for 5.637)
2024-01-30T19:50:04.541+05:30  INFO 37362 --- [nio-8761-exec-2] o.a.c.c.C.[Tomcat].[localhost].[/]       : Initializing Spring DispatcherServlet 'dispatcherServlet'
2024-01-30T19:50:04.542+05:30  INFO 37362 --- [nio-8761-exec-2] o.s.web.servlet.DispatcherServlet        : Initializing Servlet 'dispatcherServlet'
2024-01-30T19:50:04.543+05:30  INFO 37362 --- [nio-8761-exec-2] o.s.web.servlet.DispatcherServlet        : Completed initialization in 0 ms
2024-01-30T19:50:04.678+05:30  INFO 37362 --- [nio-8761-exec-1] c.n.e.registry.AbstractInstanceRegistry  : Registered instance CONFIG-SERVER/192.168.1.12:CONFIG-SERVER:8085 with status UP (replication=false)
2024-01-30T19:50:05.266+05:30  INFO 37362 --- [nio-8761-exec-3] c.n.e.registry.AbstractInstanceRegistry  : Registered instance CONFIG-SERVER/192.168.1.12:CONFIG-SERVER:8085 with status UP (replication=true)
2024-01-30T19:50:32.942+05:30  WARN 37362 --- [nio-8761-exec-6] c.n.e.registry.AbstractInstanceRegistry  : DS: Registry: lease doesn't exist, registering resource: API-GATEWAY - 192.168.1.12:API-GATEWAY:8084
2024-01-30T19:50:32.942+05:30  WARN 37362 --- [nio-8761-exec-6] c.n.eureka.resources.InstanceResource    : Not Found (Renew): API-GATEWAY - 192.168.1.12:API-GATEWAY:8084
2024-01-30T19:50:32.951+05:30  INFO 37362 --- [nio-8761-exec-8] c.n.e.registry.AbstractInstanceRegistry  : Registered instance API-GATEWAY/192.168.1.12:API-GATEWAY:8084 with status UP (replication=false)
2024-01-30T19:50:33.467+05:30  INFO 37362 --- [nio-8761-exec-9] c.n.e.registry.AbstractInstanceRegistry  : Registered instance API-GATEWAY/192.168.1.12:API-GATEWAY:8084 with status UP (replication=true)
2024-01-30T19:51:03.132+05:30  INFO 37362 --- [a-EvictionTimer] c.n.e.registry.AbstractInstanceRegistry  : Running the evict task with compensationTime 0ms
2024-01-30T19:52:03.133+05:30  INFO 37362 --- [a-EvictionTimer] c.n.e.registry.AbstractInstanceRegistry  : Running the evict task with compensationTime 0ms
2024-01-30T19:52:54.055+05:30  INFO 37362 --- [nio-8761-exec-8] c.n.e.registry.AbstractInstanceRegistry  : Registered instance RATING-SERVICES/192.168.1.12:Rating-Services:8083 with status UP (replication=false)
2024-01-30T19:52:54.572+05:30  INFO 37362 --- [nio-8761-exec-7] c.n.e.registry.AbstractInstanceRegistry  : Registered instance RATING-SERVICES/192.168.1.12:Rating-Services:8083 with status UP (replication=true)
2024-01-30T19:53:01.207+05:30  INFO 37362 --- [nio-8761-exec-5] c.n.e.registry.AbstractInstanceRegistry  : Registered instance RATING-SERVICES/192.168.1.12:Rating-Services:8083 with status DOWN (replication=false)
2024-01-30T19:53:01.724+05:30  INFO 37362 --- [nio-8761-exec-6] c.n.e.registry.AbstractInstanceRegistry  : Registered instance RATING-SERVICES/192.168.1.12:Rating-Services:8083 with status DOWN (replication=true)
2024-01-30T19:53:03.133+05:30  INFO 37362 --- [a-EvictionTimer] c.n.e.registry.AbstractInstanceRegistry  : Running the evict task with compensationTime 0ms
2024-01-30T19:53:04.239+05:30  INFO 37362 --- [nio-8761-exec-1] c.n.e.registry.AbstractInstanceRegistry  : Cancelled instance RATING-SERVICES/192.168.1.12:Rating-Services:8083 (replication=false)
2024-01-30T19:53:04.756+05:30  WARN 37362 --- [nio-8761-exec-5] c.n.e.registry.AbstractInstanceRegistry  : DS: Registry: cancel failed because Lease is not registered for: RATING-SERVICES/192.168.1.12:Rating-Services:8083
2024-01-30T19:53:04.757+05:30  INFO 37362 --- [nio-8761-exec-5] c.n.eureka.resources.InstanceResource    : Not Found (Cancel): RATING-SERVICES - 192.168.1.12:Rating-Services:8083
2024-01-30T19:53:04.760+05:30  WARN 37362 --- [get_localhost-1] c.n.eureka.cluster.ReplicationTask       : The replication of task RATING-SERVICES/192.168.1.12:Rating-Services:8083:Cancel@localhost failed with response code 404
2024-01-30T19:53:04.760+05:30  WARN 37362 --- [get_localhost-1] c.netflix.eureka.cluster.PeerEurekaNode  : RATING-SERVICES/192.168.1.12:Rating-Services:8083:Cancel@localhost: missing entry.
2024-01-30T19:53:42.996+05:30  INFO 37362 --- [nio-8761-exec-7] c.n.e.registry.AbstractInstanceRegistry  : Registered instance RATING-SERVICES/192.168.1.12:Rating-Services:8083 with status UP (replication=false)
2024-01-30T19:53:43.510+05:30  INFO 37362 --- [nio-8761-exec-5] c.n.e.registry.AbstractInstanceRegistry  : Registered instance RATING-SERVICES/192.168.1.12:Rating-Services:8083 with status UP (replication=true)
2024-01-30T19:54:03.133+05:30  INFO 37362 --- [a-EvictionTimer] c.n.e.registry.AbstractInstanceRegistry  : Running the evict task with compensationTime 0ms
2024-01-30T19:55:03.133+05:30  INFO 37362 --- [a-EvictionTimer] c.n.e.registry.AbstractInstanceRegistry  : Running the evict task with compensationTime 0ms
2024-01-30T19:56:03.134+05:30  INFO 37362 --- [a-EvictionTimer] c.n.e.registry.AbstractInstanceRegistry  : Running the evict task with compensationTime 0ms
2024-01-30T19:57:03.134+05:30  INFO 37362 --- [a-EvictionTimer] c.n.e.registry.AbstractInstanceRegistry  : Running the evict task with compensationTime 0ms
2024-01-30T19:58:03.135+05:30  INFO 37362 --- [a-EvictionTimer] c.n.e.registry.AbstractInstanceRegistry  : Running the evict task with compensationTime 0ms
2024-01-30T19:59:03.134+05:30  INFO 37362 --- [a-EvictionTimer] c.n.e.registry.AbstractInstanceRegistry  : Running the evict task with compensationTime 0ms
2024-01-30T20:00:03.134+05:30  INFO 37362 --- [a-EvictionTimer] c.n.e.registry.AbstractInstanceRegistry  : Running the evict task with compensationTime 0ms
2024-01-30T20:01:03.134+05:30  INFO 37362 --- [a-EvictionTimer] c.n.e.registry.AbstractInstanceRegistry  : Running the evict task with compensationTime 0ms
2024-01-30T20:02:03.134+05:30  INFO 37362 --- [a-EvictionTimer] c.n.e.registry.AbstractInstanceRegistry  : Running the evict task with compensationTime 0ms
2024-01-30T20:03:03.134+05:30  INFO 37362 --- [a-EvictionTimer] c.n.e.registry.AbstractInstanceRegistry  : Running the evict task with compensationTime 0ms
2024-01-30T20:04:03.134+05:30  INFO 37362 --- [a-EvictionTimer] c.n.e.registry.AbstractInstanceRegistry  : Running the evict task with compensationTime 0ms
2024-01-30T20:05:03.085+05:30  INFO 37362 --- [hresholdUpdater] c.n.e.r.PeerAwareInstanceRegistryImpl    : Current renewal threshold is : 6
2024-01-30T20:05:03.134+05:30  INFO 37362 --- [a-EvictionTimer] c.n.e.registry.AbstractInstanceRegistry  : Running the evict task with compensationTime 0ms
2024-01-30T20:06:03.135+05:30  INFO 37362 --- [a-EvictionTimer] c.n.e.registry.AbstractInstanceRegistry  : Running the evict task with compensationTime 0ms
2024-01-30T20:07:03.135+05:30  INFO 37362 --- [a-EvictionTimer] c.n.e.registry.AbstractInstanceRegistry  : Running the evict task with compensationTime 0ms
2024-01-30T20:08:03.135+05:30  INFO 37362 --- [a-EvictionTimer] c.n.e.registry.AbstractInstanceRegistry  : Running the evict task with compensationTime 0ms
2024-01-30T20:09:03.135+05:30  INFO 37362 --- [a-EvictionTimer] c.n.e.registry.AbstractInstanceRegistry  : Running the evict task with compensationTime 0ms
2024-01-30T20:10:03.135+05:30  INFO 37362 --- [a-EvictionTimer] c.n.e.registry.AbstractInstanceRegistry  : Running the evict task with compensationTime 0ms
2024-01-30T20:11:03.135+05:30  INFO 37362 --- [a-EvictionTimer] c.n.e.registry.AbstractInstanceRegistry  : Running the evict task with compensationTime 0ms
2024-01-30T20:12:03.135+05:30  INFO 37362 --- [a-EvictionTimer] c.n.e.registry.AbstractInstanceRegistry  : Running the evict task with compensationTime 0ms
2024-01-30T20:13:03.135+05:30  INFO 37362 --- [a-EvictionTimer] c.n.e.registry.AbstractInstanceRegistry  : Running the evict task with compensationTime 0ms
2024-01-30T20:14:03.135+05:30  INFO 37362 --- [a-EvictionTimer] c.n.e.registry.AbstractInstanceRegistry  : Running the evict task with compensationTime 0ms
2024-01-30T20:15:03.136+05:30  INFO 37362 --- [a-EvictionTimer] c.n.e.registry.AbstractInstanceRegistry  : Running the evict task with compensationTime 0ms
2024-01-30T20:16:03.136+05:30  INFO 37362 --- [a-EvictionTimer] c.n.e.registry.AbstractInstanceRegistry  : Running the evict task with compensationTime 0ms
2024-01-30T20:17:03.136+05:30  INFO 37362 --- [a-EvictionTimer] c.n.e.registry.AbstractInstanceRegistry  : Running the evict task with compensationTime 0ms
2024-01-30T20:18:03.136+05:30  INFO 37362 --- [a-EvictionTimer] c.n.e.registry.AbstractInstanceRegistry  : Running the evict task with compensationTime 0ms
2024-01-30T20:19:03.136+05:30  INFO 37362 --- [a-EvictionTimer] c.n.e.registry.AbstractInstanceRegistry  : Running the evict task with compensationTime 0ms
2024-01-30T20:20:03.086+05:30  INFO 37362 --- [hresholdUpdater] c.n.e.r.PeerAwareInstanceRegistryImpl    : Current renewal threshold is : 6
2024-01-30T20:20:03.136+05:30  INFO 37362 --- [a-EvictionTimer] c.n.e.registry.AbstractInstanceRegistry  : Running the evict task with compensationTime 0ms
2024-01-30T20:21:03.136+05:30  INFO 37362 --- [a-EvictionTimer] c.n.e.registry.AbstractInstanceRegistry  : Running the evict task with compensationTime 0ms
2024-01-30T20:22:03.136+05:30  INFO 37362 --- [a-EvictionTimer] c.n.e.registry.AbstractInstanceRegistry  : Running the evict task with compensationTime 0ms
2024-01-30T20:23:03.136+05:30  INFO 37362 --- [a-EvictionTimer] c.n.e.registry.AbstractInstanceRegistry  : Running the evict task with compensationTime 0ms
2024-01-30T20:24:03.136+05:30  INFO 37362 --- [a-EvictionTimer] c.n.e.registry.AbstractInstanceRegistry  : Running the evict task with compensationTime 0ms
2024-01-30T20:25:03.137+05:30  INFO 37362 --- [a-EvictionTimer] c.n.e.registry.AbstractInstanceRegistry  : Running the evict task with compensationTime 0ms
2024-01-30T20:26:03.137+05:30  INFO 37362 --- [a-EvictionTimer] c.n.e.registry.AbstractInstanceRegistry  : Running the evict task with compensationTime 0ms
2024-01-30T20:27:03.137+05:30  INFO 37362 --- [a-EvictionTimer] c.n.e.registry.AbstractInstanceRegistry  : Running the evict task with compensationTime 0ms
2024-01-30T20:28:03.137+05:30  INFO 37362 --- [a-EvictionTimer] c.n.e.registry.AbstractInstanceRegistry  : Running the evict task with compensationTime 0ms
2024-01-30T20:29:03.137+05:30  INFO 37362 --- [a-EvictionTimer] c.n.e.registry.AbstractInstanceRegistry  : Running the evict task with compensationTime 0ms
2024-01-30T20:30:03.137+05:30  INFO 37362 --- [a-EvictionTimer] c.n.e.registry.AbstractInstanceRegistry  : Running the evict task with compensationTime 0ms
2024-01-30T20:31:03.137+05:30  INFO 37362 --- [a-EvictionTimer] c.n.e.registry.AbstractInstanceRegistry  : Running the evict task with compensationTime 0ms
2024-01-30T20:32:03.137+05:30  INFO 37362 --- [a-EvictionTimer] c.n.e.registry.AbstractInstanceRegistry  : Running the evict task with compensationTime 0ms
2024-01-30T20:33:03.137+05:30  INFO 37362 --- [a-EvictionTimer] c.n.e.registry.AbstractInstanceRegistry  : Running the evict task with compensationTime 0ms
2024-01-30T20:34:03.138+05:30  INFO 37362 --- [a-EvictionTimer] c.n.e.registry.AbstractInstanceRegistry  : Running the evict task with compensationTime 0ms
2024-01-30T20:35:03.086+05:30  INFO 37362 --- [hresholdUpdater] c.n.e.r.PeerAwareInstanceRegistryImpl    : Current renewal threshold is : 6
2024-01-30T20:35:03.137+05:30  INFO 37362 --- [a-EvictionTimer] c.n.e.registry.AbstractInstanceRegistry  : Running the evict task with compensationTime 0ms
2024-01-30T20:36:03.138+05:30  INFO 37362 --- [a-EvictionTimer] c.n.e.registry.AbstractInstanceRegistry  : Running the evict task with compensationTime 0ms
2024-01-30T20:37:03.137+05:30  INFO 37362 --- [a-EvictionTimer] c.n.e.registry.AbstractInstanceRegistry  : Running the evict task with compensationTime 0ms
2024-01-30T20:38:03.138+05:30  INFO 37362 --- [a-EvictionTimer] c.n.e.registry.AbstractInstanceRegistry  : Running the evict task with compensationTime 0ms
2024-01-30T20:39:03.138+05:30  INFO 37362 --- [a-EvictionTimer] c.n.e.registry.AbstractInstanceRegistry  : Running the evict task with compensationTime 0ms
2024-01-30T20:40:03.138+05:30  INFO 37362 --- [a-EvictionTimer] c.n.e.registry.AbstractInstanceRegistry  : Running the evict task with compensationTime 0ms
2024-01-30T20:41:03.138+05:30  INFO 37362 --- [a-EvictionTimer] c.n.e.registry.AbstractInstanceRegistry  : Running the evict task with compensationTime 0ms
2024-01-30T20:42:03.138+05:30  INFO 37362 --- [a-EvictionTimer] c.n.e.registry.AbstractInstanceRegistry  : Running the evict task with compensationTime 0ms
2024-01-30T20:43:03.138+05:30  INFO 37362 --- [a-EvictionTimer] c.n.e.registry.AbstractInstanceRegistry  : Running the evict task with compensationTime 0ms
2024-01-30T20:44:03.138+05:30  INFO 37362 --- [a-EvictionTimer] c.n.e.registry.AbstractInstanceRegistry  : Running the evict task with compensationTime 0ms
2024-01-30T20:45:03.138+05:30  INFO 37362 --- [a-EvictionTimer] c.n.e.registry.AbstractInstanceRegistry  : Running the evict task with compensationTime 0ms
2024-01-30T20:46:03.138+05:30  INFO 37362 --- [a-EvictionTimer] c.n.e.registry.AbstractInstanceRegistry  : Running the evict task with compensationTime 0ms
2024-01-30T20:47:03.138+05:30  INFO 37362 --- [a-EvictionTimer] c.n.e.registry.AbstractInstanceRegistry  : Running the evict task with compensationTime 0ms
2024-01-30T20:48:03.138+05:30  INFO 37362 --- [a-EvictionTimer] c.n.e.registry.AbstractInstanceRegistry  : Running the evict task with compensationTime 0ms
2024-01-30T20:49:03.138+05:30  INFO 37362 --- [a-EvictionTimer] c.n.e.registry.AbstractInstanceRegistry  : Running the evict task with compensationTime 0ms
2024-01-30T20:50:03.086+05:30  INFO 37362 --- [hresholdUpdater] c.n.e.r.PeerAwareInstanceRegistryImpl    : Current renewal threshold is : 6
2024-01-30T20:50:03.138+05:30  INFO 37362 --- [a-EvictionTimer] c.n.e.registry.AbstractInstanceRegistry  : Running the evict task with compensationTime 0ms
2024-01-30T20:51:03.139+05:30  INFO 37362 --- [a-EvictionTimer] c.n.e.registry.AbstractInstanceRegistry  : Running the evict task with compensationTime 0ms
2024-01-30T20:52:03.139+05:30  INFO 37362 --- [a-EvictionTimer] c.n.e.registry.AbstractInstanceRegistry  : Running the evict task with compensationTime 0ms
2024-01-30T20:53:03.140+05:30  INFO 37362 --- [a-EvictionTimer] c.n.e.registry.AbstractInstanceRegistry  : Running the evict task with compensationTime 0ms
2024-01-30T20:54:03.140+05:30  INFO 37362 --- [a-EvictionTimer] c.n.e.registry.AbstractInstanceRegistry  : Running the evict task with compensationTime 0ms
2024-01-30T20:55:03.140+05:30  INFO 37362 --- [a-EvictionTimer] c.n.e.registry.AbstractInstanceRegistry  : Running the evict task with compensationTime 0ms
2024-01-30T20:56:03.140+05:30  INFO 37362 --- [a-EvictionTimer] c.n.e.registry.AbstractInstanceRegistry  : Running the evict task with compensationTime 0ms
2024-01-30T20:57:03.141+05:30  INFO 37362 --- [a-EvictionTimer] c.n.e.registry.AbstractInstanceRegistry  : Running the evict task with compensationTime 0ms
2024-01-30T20:58:03.141+05:30  INFO 37362 --- [a-EvictionTimer] c.n.e.registry.AbstractInstanceRegistry  : Running the evict task with compensationTime 0ms
2024-01-30T20:59:03.142+05:30  INFO 37362 --- [a-EvictionTimer] c.n.e.registry.AbstractInstanceRegistry  : Running the evict task with compensationTime 0ms
2024-01-30T21:00:03.142+05:30  INFO 37362 --- [a-EvictionTimer] c.n.e.registry.AbstractInstanceRegistry  : Running the evict task with compensationTime 0ms
2024-01-30T21:01:03.142+05:30  INFO 37362 --- [a-EvictionTimer] c.n.e.registry.AbstractInstanceRegistry  : Running the evict task with compensationTime 0ms
2024-01-30T21:02:03.142+05:30  INFO 37362 --- [a-EvictionTimer] c.n.e.registry.AbstractInstanceRegistry  : Running the evict task with compensationTime 0ms
2024-01-30T21:03:03.142+05:30  INFO 37362 --- [a-EvictionTimer] c.n.e.registry.AbstractInstanceRegistry  : Running the evict task with compensationTime 0ms
2024-01-30T21:04:03.142+05:30  INFO 37362 --- [a-EvictionTimer] c.n.e.registry.AbstractInstanceRegistry  : Running the evict task with compensationTime 0ms
2024-01-30T21:05:03.086+05:30  INFO 37362 --- [hresholdUpdater] c.n.e.r.PeerAwareInstanceRegistryImpl    : Current renewal threshold is : 6
2024-01-30T21:05:03.142+05:30  INFO 37362 --- [a-EvictionTimer] c.n.e.registry.AbstractInstanceRegistry  : Running the evict task with compensationTime 0ms
2024-01-30T21:06:03.142+05:30  INFO 37362 --- [a-EvictionTimer] c.n.e.registry.AbstractInstanceRegistry  : Running the evict task with compensationTime 0ms
2024-01-30T21:07:03.143+05:30  INFO 37362 --- [a-EvictionTimer] c.n.e.registry.AbstractInstanceRegistry  : Running the evict task with compensationTime 0ms
2024-01-30T21:08:03.143+05:30  INFO 37362 --- [a-EvictionTimer] c.n.e.registry.AbstractInstanceRegistry  : Running the evict task with compensationTime 0ms
2024-01-30T21:09:03.144+05:30  INFO 37362 --- [a-EvictionTimer] c.n.e.registry.AbstractInstanceRegistry  : Running the evict task with compensationTime 0ms
2024-01-30T21:10:03.144+05:30  INFO 37362 --- [a-EvictionTimer] c.n.e.registry.AbstractInstanceRegistry  : Running the evict task with compensationTime 0ms
2024-01-30T21:11:03.145+05:30  INFO 37362 --- [a-EvictionTimer] c.n.e.registry.AbstractInstanceRegistry  : Running the evict task with compensationTime 0ms
2024-01-30T21:12:03.145+05:30  INFO 37362 --- [a-EvictionTimer] c.n.e.registry.AbstractInstanceRegistry  : Running the evict task with compensationTime 0ms
2024-01-30T21:13:03.146+05:30  INFO 37362 --- [a-EvictionTimer] c.n.e.registry.AbstractInstanceRegistry  : Running the evict task with compensationTime 0ms
2024-01-30T21:14:03.146+05:30  INFO 37362 --- [a-EvictionTimer] c.n.e.registry.AbstractInstanceRegistry  : Running the evict task with compensationTime 0ms
2024-01-30T21:15:03.147+05:30  INFO 37362 --- [a-EvictionTimer] c.n.e.registry.AbstractInstanceRegistry  : Running the evict task with compensationTime 0ms
2024-01-30T21:16:03.147+05:30  INFO 37362 --- [a-EvictionTimer] c.n.e.registry.AbstractInstanceRegistry  : Running the evict task with compensationTime 0ms
2024-01-30T21:17:03.147+05:30  INFO 37362 --- [a-EvictionTimer] c.n.e.registry.AbstractInstanceRegistry  : Running the evict task with compensationTime 0ms
2024-01-30T21:18:03.147+05:30  INFO 37362 --- [a-EvictionTimer] c.n.e.registry.AbstractInstanceRegistry  : Running the evict task with compensationTime 0ms
2024-01-30T21:19:03.147+05:30  INFO 37362 --- [a-EvictionTimer] c.n.e.registry.AbstractInstanceRegistry  : Running the evict task with compensationTime 0ms
2024-01-30T21:20:03.086+05:30  INFO 37362 --- [hresholdUpdater] c.n.e.r.PeerAwareInstanceRegistryImpl    : Current renewal threshold is : 6
2024-01-30T21:20:03.147+05:30  INFO 37362 --- [a-EvictionTimer] c.n.e.registry.AbstractInstanceRegistry  : Running the evict task with compensationTime 0ms
2024-01-30T21:21:03.147+05:30  INFO 37362 --- [a-EvictionTimer] c.n.e.registry.AbstractInstanceRegistry  : Running the evict task with compensationTime 0ms
2024-01-30T21:22:03.147+05:30  INFO 37362 --- [a-EvictionTimer] c.n.e.registry.AbstractInstanceRegistry  : Running the evict task with compensationTime 0ms
2024-01-30T21:23:03.147+05:30  INFO 37362 --- [a-EvictionTimer] c.n.e.registry.AbstractInstanceRegistry  : Running the evict task with compensationTime 0ms
2024-01-30T21:24:03.147+05:30  INFO 37362 --- [a-EvictionTimer] c.n.e.registry.AbstractInstanceRegistry  : Running the evict task with compensationTime 0ms
2024-01-30T21:25:03.147+05:30  INFO 37362 --- [a-EvictionTimer] c.n.e.registry.AbstractInstanceRegistry  : Running the evict task with compensationTime 0ms
2024-01-30T21:26:03.147+05:30  INFO 37362 --- [a-EvictionTimer] c.n.e.registry.AbstractInstanceRegistry  : Running the evict task with compensationTime 0ms
2024-01-30T21:27:03.147+05:30  INFO 37362 --- [a-EvictionTimer] c.n.e.registry.AbstractInstanceRegistry  : Running the evict task with compensationTime 0ms
2024-01-30T21:28:03.147+05:30  INFO 37362 --- [a-EvictionTimer] c.n.e.registry.AbstractInstanceRegistry  : Running the evict task with compensationTime 0ms
2024-01-30T21:29:03.147+05:30  INFO 37362 --- [a-EvictionTimer] c.n.e.registry.AbstractInstanceRegistry  : Running the evict task with compensationTime 0ms
2024-01-30T21:30:03.147+05:30  INFO 37362 --- [a-EvictionTimer] c.n.e.registry.AbstractInstanceRegistry  : Running the evict task with compensationTime 0ms
2024-01-30T21:31:03.147+05:30  INFO 37362 --- [a-EvictionTimer] c.n.e.registry.AbstractInstanceRegistry  : Running the evict task with compensationTime 0ms
2024-01-30T21:32:03.148+05:30  INFO 37362 --- [a-EvictionTimer] c.n.e.registry.AbstractInstanceRegistry  : Running the evict task with compensationTime 0ms
2024-01-30T21:33:03.147+05:30  INFO 37362 --- [a-EvictionTimer] c.n.e.registry.AbstractInstanceRegistry  : Running the evict task with compensationTime 0ms
2024-01-30T21:34:03.147+05:30  INFO 37362 --- [a-EvictionTimer] c.n.e.registry.AbstractInstanceRegistry  : Running the evict task with compensationTime 0ms
2024-01-30T21:35:03.086+05:30  INFO 37362 --- [hresholdUpdater] c.n.e.r.PeerAwareInstanceRegistryImpl    : Current renewal threshold is : 6
2024-01-30T21:35:03.147+05:30  INFO 37362 --- [a-EvictionTimer] c.n.e.registry.AbstractInstanceRegistry  : Running the evict task with compensationTime 0ms
2024-01-30T21:36:03.147+05:30  INFO 37362 --- [a-EvictionTimer] c.n.e.registry.AbstractInstanceRegistry  : Running the evict task with compensationTime 0ms
2024-01-30T21:37:03.147+05:30  INFO 37362 --- [a-EvictionTimer] c.n.e.registry.AbstractInstanceRegistry  : Running the evict task with compensationTime 0ms
2024-01-30T21:38:03.147+05:30  INFO 37362 --- [a-EvictionTimer] c.n.e.registry.AbstractInstanceRegistry  : Running the evict task with compensationTime 0ms
2024-01-30T21:39:03.147+05:30  INFO 37362 --- [a-EvictionTimer] c.n.e.registry.AbstractInstanceRegistry  : Running the evict task with compensationTime 0ms
2024-01-30T21:40:03.148+05:30  INFO 37362 --- [a-EvictionTimer] c.n.e.registry.AbstractInstanceRegistry  : Running the evict task with compensationTime 0ms
2024-01-30T21:41:03.148+05:30  INFO 37362 --- [a-EvictionTimer] c.n.e.registry.AbstractInstanceRegistry  : Running the evict task with compensationTime 0ms
2024-01-30T21:42:03.148+05:30  INFO 37362 --- [a-EvictionTimer] c.n.e.registry.AbstractInstanceRegistry  : Running the evict task with compensationTime 0ms
2024-01-30T21:43:03.149+05:30  INFO 37362 --- [a-EvictionTimer] c.n.e.registry.AbstractInstanceRegistry  : Running the evict task with compensationTime 0ms
2024-01-30T21:44:03.149+05:30  INFO 37362 --- [a-EvictionTimer] c.n.e.registry.AbstractInstanceRegistry  : Running the evict task with compensationTime 0ms
2024-01-30T21:45:03.149+05:30  INFO 37362 --- [a-EvictionTimer] c.n.e.registry.AbstractInstanceRegistry  : Running the evict task with compensationTime 0ms
2024-01-30T21:46:03.150+05:30  INFO 37362 --- [a-EvictionTimer] c.n.e.registry.AbstractInstanceRegistry  : Running the evict task with compensationTime 0ms
2024-01-30T21:47:03.150+05:30  INFO 37362 --- [a-EvictionTimer] c.n.e.registry.AbstractInstanceRegistry  : Running the evict task with compensationTime 0ms
2024-01-30T21:48:03.150+05:30  INFO 37362 --- [a-EvictionTimer] c.n.e.registry.AbstractInstanceRegistry  : Running the evict task with compensationTime 0ms
2024-01-30T21:49:03.151+05:30  INFO 37362 --- [a-EvictionTimer] c.n.e.registry.AbstractInstanceRegistry  : Running the evict task with compensationTime 0ms
2024-01-31T12:00:29.441+05:30  INFO 37362 --- [hresholdUpdater] c.n.e.r.PeerAwareInstanceRegistryImpl    : Current renewal threshold is : 6
2024-01-31T12:00:29.505+05:30  INFO 37362 --- [a-EvictionTimer] c.n.e.registry.AbstractInstanceRegistry  : Running the evict task with compensationTime 0ms
2024-01-31T12:01:29.504+05:30  INFO 37362 --- [a-EvictionTimer] c.n.e.registry.AbstractInstanceRegistry  : Running the evict task with compensationTime 0ms
2024-01-31T12:02:29.504+05:30  INFO 37362 --- [a-EvictionTimer] c.n.e.registry.AbstractInstanceRegistry  : Running the evict task with compensationTime 0ms
2024-01-31T12:03:29.504+05:30  INFO 37362 --- [a-EvictionTimer] c.n.e.registry.AbstractInstanceRegistry  : Running the evict task with compensationTime 0ms
2024-01-31T12:04:29.504+05:30  INFO 37362 --- [a-EvictionTimer] c.n.e.registry.AbstractInstanceRegistry  : Running the evict task with compensationTime 0ms
2024-01-31T12:05:29.504+05:30  INFO 37362 --- [a-EvictionTimer] c.n.e.registry.AbstractInstanceRegistry  : Running the evict task with compensationTime 0ms
2024-01-31T12:06:29.504+05:30  INFO 37362 --- [a-EvictionTimer] c.n.e.registry.AbstractInstanceRegistry  : Running the evict task with compensationTime 0ms
2024-01-31T12:07:29.505+05:30  INFO 37362 --- [a-EvictionTimer] c.n.e.registry.AbstractInstanceRegistry  : Running the evict task with compensationTime 0ms
2024-01-31T12:08:29.504+05:30  INFO 37362 --- [a-EvictionTimer] c.n.e.registry.AbstractInstanceRegistry  : Running the evict task with compensationTime 0ms
2024-01-31T12:09:29.504+05:30  INFO 37362 --- [a-EvictionTimer] c.n.e.registry.AbstractInstanceRegistry  : Running the evict task with compensationTime 0ms
2024-01-31T12:10:29.504+05:30  INFO 37362 --- [a-EvictionTimer] c.n.e.registry.AbstractInstanceRegistry  : Running the evict task with compensationTime 0ms
2024-01-31T12:11:29.504+05:30  INFO 37362 --- [a-EvictionTimer] c.n.e.registry.AbstractInstanceRegistry  : Running the evict task with compensationTime 0ms
2024-01-31T12:12:29.505+05:30  INFO 37362 --- [a-EvictionTimer] c.n.e.registry.AbstractInstanceRegistry  : Running the evict task with compensationTime 0ms
2024-01-31T12:13:29.505+05:30  INFO 37362 --- [a-EvictionTimer] c.n.e.registry.AbstractInstanceRegistry  : Running the evict task with compensationTime 0ms
2024-01-31T12:14:29.505+05:30  INFO 37362 --- [a-EvictionTimer] c.n.e.registry.AbstractInstanceRegistry  : Running the evict task with compensationTime 0ms
2024-01-31T12:15:29.441+05:30  INFO 37362 --- [hresholdUpdater] c.n.e.r.PeerAwareInstanceRegistryImpl    : Current renewal threshold is : 6
2024-01-31T12:15:29.505+05:30  INFO 37362 --- [a-EvictionTimer] c.n.e.registry.AbstractInstanceRegistry  : Running the evict task with compensationTime 0ms
2024-01-31T12:16:29.505+05:30  INFO 37362 --- [a-EvictionTimer] c.n.e.registry.AbstractInstanceRegistry  : Running the evict task with compensationTime 0ms
2024-01-31T12:17:29.505+05:30  INFO 37362 --- [a-EvictionTimer] c.n.e.registry.AbstractInstanceRegistry  : Running the evict task with compensationTime 0ms
2024-01-31T12:18:29.505+05:30  INFO 37362 --- [a-EvictionTimer] c.n.e.registry.AbstractInstanceRegistry  : Running the evict task with compensationTime 0ms
2024-01-31T12:19:29.505+05:30  INFO 37362 --- [a-EvictionTimer] c.n.e.registry.AbstractInstanceRegistry  : Running the evict task with compensationTime 0ms
2024-01-31T12:20:29.506+05:30  INFO 37362 --- [a-EvictionTimer] c.n.e.registry.AbstractInstanceRegistry  : Running the evict task with compensationTime 0ms
2024-01-31T12:21:29.505+05:30  INFO 37362 --- [a-EvictionTimer] c.n.e.registry.AbstractInstanceRegistry  : Running the evict task with compensationTime 0ms
2024-01-31T12:22:29.506+05:30  INFO 37362 --- [a-EvictionTimer] c.n.e.registry.AbstractInstanceRegistry  : Running the evict task with compensationTime 0ms
2024-01-31T12:23:29.506+05:30  INFO 37362 --- [a-EvictionTimer] c.n.e.registry.AbstractInstanceRegistry  : Running the evict task with compensationTime 0ms
2024-01-31T12:24:29.506+05:30  INFO 37362 --- [a-EvictionTimer] c.n.e.registry.AbstractInstanceRegistry  : Running the evict task with compensationTime 0ms
2024-01-31T12:25:29.506+05:30  INFO 37362 --- [a-EvictionTimer] c.n.e.registry.AbstractInstanceRegistry  : Running the evict task with compensationTime 0ms
2024-01-31T12:26:29.506+05:30  INFO 37362 --- [a-EvictionTimer] c.n.e.registry.AbstractInstanceRegistry  : Running the evict task with compensationTime 0ms
2024-01-31T12:27:29.506+05:30  INFO 37362 --- [a-EvictionTimer] c.n.e.registry.AbstractInstanceRegistry  : Running the evict task with compensationTime 0ms
2024-01-31T12:28:29.506+05:30  INFO 37362 --- [a-EvictionTimer] c.n.e.registry.AbstractInstanceRegistry  : Running the evict task with compensationTime 0ms
2024-01-31T12:29:29.506+05:30  INFO 37362 --- [a-EvictionTimer] c.n.e.registry.AbstractInstanceRegistry  : Running the evict task with compensationTime 0ms
2024-01-31T12:30:29.441+05:30  INFO 37362 --- [hresholdUpdater] c.n.e.r.PeerAwareInstanceRegistryImpl    : Current renewal threshold is : 6
2024-01-31T12:30:29.506+05:30  INFO 37362 --- [a-EvictionTimer] c.n.e.registry.AbstractInstanceRegistry  : Running the evict task with compensationTime 0ms
2024-01-31T12:31:29.506+05:30  INFO 37362 --- [a-EvictionTimer] c.n.e.registry.AbstractInstanceRegistry  : Running the evict task with compensationTime 0ms
2024-01-31T12:32:29.506+05:30  INFO 37362 --- [a-EvictionTimer] c.n.e.registry.AbstractInstanceRegistry  : Running the evict task with compensationTime 0ms
2024-01-31T12:33:29.506+05:30  INFO 37362 --- [a-EvictionTimer] c.n.e.registry.AbstractInstanceRegistry  : Running the evict task with compensationTime 0ms
2024-01-31T12:34:29.506+05:30  INFO 37362 --- [a-EvictionTimer] c.n.e.registry.AbstractInstanceRegistry  : Running the evict task with compensationTime 0ms
2024-01-31T12:35:29.506+05:30  INFO 37362 --- [a-EvictionTimer] c.n.e.registry.AbstractInstanceRegistry  : Running the evict task with compensationTime 0ms
2024-01-31T12:36:29.507+05:30  INFO 37362 --- [a-EvictionTimer] c.n.e.registry.AbstractInstanceRegistry  : Running the evict task with compensationTime 0ms
2024-01-31T12:37:29.507+05:30  INFO 37362 --- [a-EvictionTimer] c.n.e.registry.AbstractInstanceRegistry  : Running the evict task with compensationTime 0ms
2024-01-31T12:38:29.508+05:30  INFO 37362 --- [a-EvictionTimer] c.n.e.registry.AbstractInstanceRegistry  : Running the evict task with compensationTime 0ms
2024-01-31T12:39:29.507+05:30  INFO 37362 --- [a-EvictionTimer] c.n.e.registry.AbstractInstanceRegistry  : Running the evict task with compensationTime 0ms
2024-01-31T12:40:29.507+05:30  INFO 37362 --- [a-EvictionTimer] c.n.e.registry.AbstractInstanceRegistry  : Running the evict task with compensationTime 0ms
2024-01-31T12:41:29.507+05:30  INFO 37362 --- [a-EvictionTimer] c.n.e.registry.AbstractInstanceRegistry  : Running the evict task with compensationTime 0ms
2024-01-31T12:42:29.507+05:30  INFO 37362 --- [a-EvictionTimer] c.n.e.registry.AbstractInstanceRegistry  : Running the evict task with compensationTime 0ms
2024-01-31T12:43:29.507+05:30  INFO 37362 --- [a-EvictionTimer] c.n.e.registry.AbstractInstanceRegistry  : Running the evict task with compensationTime 0ms
2024-01-31T12:44:29.507+05:30  INFO 37362 --- [a-EvictionTimer] c.n.e.registry.AbstractInstanceRegistry  : Running the evict task with compensationTime 0ms
2024-01-31T12:45:29.441+05:30  INFO 37362 --- [hresholdUpdater] c.n.e.r.PeerAwareInstanceRegistryImpl    : Current renewal threshold is : 6
2024-01-31T12:45:29.508+05:30  INFO 37362 --- [a-EvictionTimer] c.n.e.registry.AbstractInstanceRegistry  : Running the evict task with compensationTime 0ms
2024-01-31T12:46:29.508+05:30  INFO 37362 --- [a-EvictionTimer] c.n.e.registry.AbstractInstanceRegistry  : Running the evict task with compensationTime 0ms
2024-01-31T12:47:29.508+05:30  INFO 37362 --- [a-EvictionTimer] c.n.e.registry.AbstractInstanceRegistry  : Running the evict task with compensationTime 0ms
2024-01-31T12:48:29.508+05:30  INFO 37362 --- [a-EvictionTimer] c.n.e.registry.AbstractInstanceRegistry  : Running the evict task with compensationTime 0ms
2024-01-31T12:49:29.508+05:30  INFO 37362 --- [a-EvictionTimer] c.n.e.registry.AbstractInstanceRegistry  : Running the evict task with compensationTime 0ms
2024-01-31T12:50:29.508+05:30  INFO 37362 --- [a-EvictionTimer] c.n.e.registry.AbstractInstanceRegistry  : Running the evict task with compensationTime 0ms
2024-01-31T12:51:29.508+05:30  INFO 37362 --- [a-EvictionTimer] c.n.e.registry.AbstractInstanceRegistry  : Running the evict task with compensationTime 0ms
2024-01-31T12:52:29.508+05:30  INFO 37362 --- [a-EvictionTimer] c.n.e.registry.AbstractInstanceRegistry  : Running the evict task with compensationTime 0ms
2024-01-31T12:53:29.508+05:30  INFO 37362 --- [a-EvictionTimer] c.n.e.registry.AbstractInstanceRegistry  : Running the evict task with compensationTime 0ms
2024-01-31T12:54:29.508+05:30  INFO 37362 --- [a-EvictionTimer] c.n.e.registry.AbstractInstanceRegistry  : Running the evict task with compensationTime 0ms
2024-01-31T12:55:29.508+05:30  INFO 37362 --- [a-EvictionTimer] c.n.e.registry.AbstractInstanceRegistry  : Running the evict task with compensationTime 0ms
2024-01-31T12:56:29.508+05:30  INFO 37362 --- [a-EvictionTimer] c.n.e.registry.AbstractInstanceRegistry  : Running the evict task with compensationTime 0ms
2024-01-31T12:57:29.508+05:30  INFO 37362 --- [a-EvictionTimer] c.n.e.registry.AbstractInstanceRegistry  : Running the evict task with compensationTime 0ms
2024-01-31T12:58:29.509+05:30  INFO 37362 --- [a-EvictionTimer] c.n.e.registry.AbstractInstanceRegistry  : Running the evict task with compensationTime 0ms
2024-01-31T12:59:29.508+05:30  INFO 37362 --- [a-EvictionTimer] c.n.e.registry.AbstractInstanceRegistry  : Running the evict task with compensationTime 0ms
2024-01-31T13:00:29.441+05:30  INFO 37362 --- [hresholdUpdater] c.n.e.r.PeerAwareInstanceRegistryImpl    : Current renewal threshold is : 6
2024-01-31T13:00:29.508+05:30  INFO 37362 --- [a-EvictionTimer] c.n.e.registry.AbstractInstanceRegistry  : Running the evict task with compensationTime 0ms
2024-01-31T13:01:29.508+05:30  INFO 37362 --- [a-EvictionTimer] c.n.e.registry.AbstractInstanceRegistry  : Running the evict task with compensationTime 0ms
2024-01-31T13:02:29.509+05:30  INFO 37362 --- [a-EvictionTimer] c.n.e.registry.AbstractInstanceRegistry  : Running the evict task with compensationTime 0ms
2024-01-31T13:03:29.508+05:30  INFO 37362 --- [a-EvictionTimer] c.n.e.registry.AbstractInstanceRegistry  : Running the evict task with compensationTime 0ms
2024-01-31T13:04:29.509+05:30  INFO 37362 --- [a-EvictionTimer] c.n.e.registry.AbstractInstanceRegistry  : Running the evict task with compensationTime 0ms
2024-01-31T13:05:29.509+05:30  INFO 37362 --- [a-EvictionTimer] c.n.e.registry.AbstractInstanceRegistry  : Running the evict task with compensationTime 0ms
2024-01-31T13:06:29.509+05:30  INFO 37362 --- [a-EvictionTimer] c.n.e.registry.AbstractInstanceRegistry  : Running the evict task with compensationTime 0ms
2024-01-31T13:07:29.509+05:30  INFO 37362 --- [a-EvictionTimer] c.n.e.registry.AbstractInstanceRegistry  : Running the evict task with compensationTime 0ms
2024-01-31T13:08:29.510+05:30  INFO 37362 --- [a-EvictionTimer] c.n.e.registry.AbstractInstanceRegistry  : Running the evict task with compensationTime 0ms
2024-01-31T13:09:29.510+05:30  INFO 37362 --- [a-EvictionTimer] c.n.e.registry.AbstractInstanceRegistry  : Running the evict task with compensationTime 0ms
2024-01-31T13:10:29.510+05:30  INFO 37362 --- [a-EvictionTimer] c.n.e.registry.AbstractInstanceRegistry  : Running the evict task with compensationTime 0ms
2024-01-31T13:11:29.511+05:30  INFO 37362 --- [a-EvictionTimer] c.n.e.registry.AbstractInstanceRegistry  : Running the evict task with compensationTime 0ms
2024-01-31T13:12:29.511+05:30  INFO 37362 --- [a-EvictionTimer] c.n.e.registry.AbstractInstanceRegistry  : Running the evict task with compensationTime 0ms
2024-01-31T13:13:29.512+05:30  INFO 37362 --- [a-EvictionTimer] c.n.e.registry.AbstractInstanceRegistry  : Running the evict task with compensationTime 0ms
2024-01-31T13:14:29.512+05:30  INFO 37362 --- [a-EvictionTimer] c.n.e.registry.AbstractInstanceRegistry  : Running the evict task with compensationTime 0ms
2024-01-31T13:15:29.441+05:30  INFO 37362 --- [hresholdUpdater] c.n.e.r.PeerAwareInstanceRegistryImpl    : Current renewal threshold is : 6
2024-01-31T13:15:29.512+05:30  INFO 37362 --- [a-EvictionTimer] c.n.e.registry.AbstractInstanceRegistry  : Running the evict task with compensationTime 0ms
2024-01-31T13:16:29.512+05:30  INFO 37362 --- [a-EvictionTimer] c.n.e.registry.AbstractInstanceRegistry  : Running the evict task with compensationTime 0ms
2024-01-31T13:17:29.513+05:30  INFO 37362 --- [a-EvictionTimer] c.n.e.registry.AbstractInstanceRegistry  : Running the evict task with compensationTime 0ms
2024-01-31T13:18:29.513+05:30  INFO 37362 --- [a-EvictionTimer] c.n.e.registry.AbstractInstanceRegistry  : Running the evict task with compensationTime 0ms
2024-01-31T13:19:29.513+05:30  INFO 37362 --- [a-EvictionTimer] c.n.e.registry.AbstractInstanceRegistry  : Running the evict task with compensationTime 0ms
2024-01-31T13:23:25.007+05:30  INFO 37362 --- [a-EvictionTimer] c.n.e.registry.AbstractInstanceRegistry  : Running the evict task with compensationTime 0ms
2024-01-31T13:24:25.007+05:30  INFO 37362 --- [a-EvictionTimer] c.n.e.registry.AbstractInstanceRegistry  : Running the evict task with compensationTime 0ms
2024-01-31T13:25:25.007+05:30  INFO 37362 --- [a-EvictionTimer] c.n.e.registry.AbstractInstanceRegistry  : Running the evict task with compensationTime 0ms
2024-01-31T13:26:25.007+05:30  INFO 37362 --- [a-EvictionTimer] c.n.e.registry.AbstractInstanceRegistry  : Running the evict task with compensationTime 0ms
2024-01-31T13:27:25.007+05:30  INFO 37362 --- [a-EvictionTimer] c.n.e.registry.AbstractInstanceRegistry  : Running the evict task with compensationTime 0ms
2024-01-31T13:28:25.007+05:30  INFO 37362 --- [a-EvictionTimer] c.n.e.registry.AbstractInstanceRegistry  : Running the evict task with compensationTime 0ms
2024-01-31T13:29:25.008+05:30  INFO 37362 --- [a-EvictionTimer] c.n.e.registry.AbstractInstanceRegistry  : Running the evict task with compensationTime 0ms
2024-01-31T13:30:25.008+05:30  INFO 37362 --- [a-EvictionTimer] c.n.e.registry.AbstractInstanceRegistry  : Running the evict task with compensationTime 0ms
2024-01-31T13:31:25.009+05:30  INFO 37362 --- [a-EvictionTimer] c.n.e.registry.AbstractInstanceRegistry  : Running the evict task with compensationTime 0ms
2024-01-31T13:32:25.009+05:30  INFO 37362 --- [a-EvictionTimer] c.n.e.registry.AbstractInstanceRegistry  : Running the evict task with compensationTime 0ms
2024-01-31T13:33:24.937+05:30  INFO 37362 --- [hresholdUpdater] c.n.e.r.PeerAwareInstanceRegistryImpl    : Current renewal threshold is : 6
2024-01-31T13:33:25.010+05:30  INFO 37362 --- [a-EvictionTimer] c.n.e.registry.AbstractInstanceRegistry  : Running the evict task with compensationTime 0ms
2024-01-31T13:34:25.009+05:30  INFO 37362 --- [a-EvictionTimer] c.n.e.registry.AbstractInstanceRegistry  : Running the evict task with compensationTime 0ms
2024-01-31T13:35:25.009+05:30  INFO 37362 --- [a-EvictionTimer] c.n.e.registry.AbstractInstanceRegistry  : Running the evict task with compensationTime 0ms
2024-01-31T13:36:25.009+05:30  INFO 37362 --- [a-EvictionTimer] c.n.e.registry.AbstractInstanceRegistry  : Running the evict task with compensationTime 0ms
2024-01-31T13:37:25.009+05:30  INFO 37362 --- [a-EvictionTimer] c.n.e.registry.AbstractInstanceRegistry  : Running the evict task with compensationTime 0ms
2024-01-31T13:38:25.009+05:30  INFO 37362 --- [a-EvictionTimer] c.n.e.registry.AbstractInstanceRegistry  : Running the evict task with compensationTime 0ms
2024-01-31T13:39:25.009+05:30  INFO 37362 --- [a-EvictionTimer] c.n.e.registry.AbstractInstanceRegistry  : Running the evict task with compensationTime 0ms
2024-01-31T13:40:25.641+05:30  INFO 37362 --- [a-EvictionTimer] c.n.e.registry.AbstractInstanceRegistry  : Running the evict task with compensationTime 0ms
2024-01-31T13:41:25.641+05:30  INFO 37362 --- [a-EvictionTimer] c.n.e.registry.AbstractInstanceRegistry  : Running the evict task with compensationTime 0ms
2024-01-31T13:42:25.641+05:30  INFO 37362 --- [a-EvictionTimer] c.n.e.registry.AbstractInstanceRegistry  : Running the evict task with compensationTime 0ms
2024-01-31T14:38:41.335+05:30  INFO 37362 --- [a-EvictionTimer] c.n.e.registry.AbstractInstanceRegistry  : Running the evict task with compensationTime 0ms
2024-01-31T14:39:41.335+05:30  INFO 37362 --- [a-EvictionTimer] c.n.e.registry.AbstractInstanceRegistry  : Running the evict task with compensationTime 0ms
2024-01-31T14:40:42.650+05:30  INFO 37362 --- [a-EvictionTimer] c.n.e.registry.AbstractInstanceRegistry  : Running the evict task with compensationTime 0ms
2024-01-31T14:41:42.651+05:30  INFO 37362 --- [a-EvictionTimer] c.n.e.registry.AbstractInstanceRegistry  : Running the evict task with compensationTime 0ms
2024-01-31T14:42:42.651+05:30  INFO 37362 --- [a-EvictionTimer] c.n.e.registry.AbstractInstanceRegistry  : Running the evict task with compensationTime 0ms
2024-01-31T14:43:42.576+05:30  INFO 37362 --- [hresholdUpdater] c.n.e.r.PeerAwareInstanceRegistryImpl    : Current renewal threshold is : 6
2024-01-31T14:43:42.651+05:30  INFO 37362 --- [a-EvictionTimer] c.n.e.registry.AbstractInstanceRegistry  : Running the evict task with compensationTime 0ms
2024-01-31T14:44:42.651+05:30  INFO 37362 --- [a-EvictionTimer] c.n.e.registry.AbstractInstanceRegistry  : Running the evict task with compensationTime 0ms
2024-01-31T14:45:42.651+05:30  INFO 37362 --- [a-EvictionTimer] c.n.e.registry.AbstractInstanceRegistry  : Running the evict task with compensationTime 0ms
2024-01-31T14:46:42.651+05:30  INFO 37362 --- [a-EvictionTimer] c.n.e.registry.AbstractInstanceRegistry  : Running the evict task with compensationTime 0ms
2024-01-31T14:47:42.651+05:30  INFO 37362 --- [a-EvictionTimer] c.n.e.registry.AbstractInstanceRegistry  : Running the evict task with compensationTime 0ms
2024-01-31T14:48:42.651+05:30  INFO 37362 --- [a-EvictionTimer] c.n.e.registry.AbstractInstanceRegistry  : Running the evict task with compensationTime 0ms
2024-01-31T14:49:42.651+05:30  INFO 37362 --- [a-EvictionTimer] c.n.e.registry.AbstractInstanceRegistry  : Running the evict task with compensationTime 0ms
2024-01-31T14:50:42.651+05:30  INFO 37362 --- [a-EvictionTimer] c.n.e.registry.AbstractInstanceRegistry  : Running the evict task with compensationTime 0ms
2024-01-31T14:51:42.651+05:30  INFO 37362 --- [a-EvictionTimer] c.n.e.registry.AbstractInstanceRegistry  : Running the evict task with compensationTime 0ms
2024-01-31T14:52:42.652+05:30  INFO 37362 --- [a-EvictionTimer] c.n.e.registry.AbstractInstanceRegistry  : Running the evict task with compensationTime 0ms
2024-01-31T14:53:42.652+05:30  INFO 37362 --- [a-EvictionTimer] c.n.e.registry.AbstractInstanceRegistry  : Running the evict task with compensationTime 0ms
2024-01-31T14:54:42.652+05:30  INFO 37362 --- [a-EvictionTimer] c.n.e.registry.AbstractInstanceRegistry  : Running the evict task with compensationTime 0ms
2024-01-31T14:55:42.652+05:30  INFO 37362 --- [a-EvictionTimer] c.n.e.registry.AbstractInstanceRegistry  : Running the evict task with compensationTime 0ms
2024-01-31T14:56:42.652+05:30  INFO 37362 --- [a-EvictionTimer] c.n.e.registry.AbstractInstanceRegistry  : Running the evict task with compensationTime 0ms
2024-01-31T14:57:42.652+05:30  INFO 37362 --- [a-EvictionTimer] c.n.e.registry.AbstractInstanceRegistry  : Running the evict task with compensationTime 0ms
2024-01-31T14:58:42.576+05:30  INFO 37362 --- [hresholdUpdater] c.n.e.r.PeerAwareInstanceRegistryImpl    : Current renewal threshold is : 6
2024-01-31T14:58:42.652+05:30  INFO 37362 --- [a-EvictionTimer] c.n.e.registry.AbstractInstanceRegistry  : Running the evict task with compensationTime 0ms
2024-01-31T14:59:42.652+05:30  INFO 37362 --- [a-EvictionTimer] c.n.e.registry.AbstractInstanceRegistry  : Running the evict task with compensationTime 0ms
2024-01-31T15:00:42.652+05:30  INFO 37362 --- [a-EvictionTimer] c.n.e.registry.AbstractInstanceRegistry  : Running the evict task with compensationTime 0ms
2024-01-31T15:01:42.652+05:30  INFO 37362 --- [a-EvictionTimer] c.n.e.registry.AbstractInstanceRegistry  : Running the evict task with compensationTime 0ms
2024-01-31T15:02:42.652+05:30  INFO 37362 --- [a-EvictionTimer] c.n.e.registry.AbstractInstanceRegistry  : Running the evict task with compensationTime 0ms
2024-01-31T15:03:42.652+05:30  INFO 37362 --- [a-EvictionTimer] c.n.e.registry.AbstractInstanceRegistry  : Running the evict task with compensationTime 0ms
2024-01-31T15:04:42.652+05:30  INFO 37362 --- [a-EvictionTimer] c.n.e.registry.AbstractInstanceRegistry  : Running the evict task with compensationTime 0ms
2024-01-31T15:05:42.652+05:30  INFO 37362 --- [a-EvictionTimer] c.n.e.registry.AbstractInstanceRegistry  : Running the evict task with compensationTime 0ms
2024-01-31T15:06:42.652+05:30  INFO 37362 --- [a-EvictionTimer] c.n.e.registry.AbstractInstanceRegistry  : Running the evict task with compensationTime 0ms
2024-01-31T15:07:42.653+05:30  INFO 37362 --- [a-EvictionTimer] c.n.e.registry.AbstractInstanceRegistry  : Running the evict task with compensationTime 0ms
2024-01-31T15:08:42.653+05:30  INFO 37362 --- [a-EvictionTimer] c.n.e.registry.AbstractInstanceRegistry  : Running the evict task with compensationTime 0ms
2024-01-31T15:09:42.653+05:30  INFO 37362 --- [a-EvictionTimer] c.n.e.registry.AbstractInstanceRegistry  : Running the evict task with compensationTime 0ms
2024-01-31T15:10:42.653+05:30  INFO 37362 --- [a-EvictionTimer] c.n.e.registry.AbstractInstanceRegistry  : Running the evict task with compensationTime 0ms
2024-01-31T15:11:42.653+05:30  INFO 37362 --- [a-EvictionTimer] c.n.e.registry.AbstractInstanceRegistry  : Running the evict task with compensationTime 0ms
2024-01-31T15:12:42.653+05:30  INFO 37362 --- [a-EvictionTimer] c.n.e.registry.AbstractInstanceRegistry  : Running the evict task with compensationTime 0ms
2024-01-31T15:13:42.576+05:30  INFO 37362 --- [hresholdUpdater] c.n.e.r.PeerAwareInstanceRegistryImpl    : Current renewal threshold is : 6
2024-01-31T15:13:42.653+05:30  INFO 37362 --- [a-EvictionTimer] c.n.e.registry.AbstractInstanceRegistry  : Running the evict task with compensationTime 0ms
2024-01-31T15:14:42.654+05:30  INFO 37362 --- [a-EvictionTimer] c.n.e.registry.AbstractInstanceRegistry  : Running the evict task with compensationTime 0ms
2024-01-31T15:15:42.654+05:30  INFO 37362 --- [a-EvictionTimer] c.n.e.registry.AbstractInstanceRegistry  : Running the evict task with compensationTime 0ms
2024-01-31T15:16:42.654+05:30  INFO 37362 --- [a-EvictionTimer] c.n.e.registry.AbstractInstanceRegistry  : Running the evict task with compensationTime 0ms
2024-01-31T15:17:42.654+05:30  INFO 37362 --- [a-EvictionTimer] c.n.e.registry.AbstractInstanceRegistry  : Running the evict task with compensationTime 0ms
2024-01-31T15:18:42.654+05:30  INFO 37362 --- [a-EvictionTimer] c.n.e.registry.AbstractInstanceRegistry  : Running the evict task with compensationTime 0ms
2024-01-31T15:19:42.654+05:30  INFO 37362 --- [a-EvictionTimer] c.n.e.registry.AbstractInstanceRegistry  : Running the evict task with compensationTime 0ms
2024-01-31T15:20:42.654+05:30  INFO 37362 --- [a-EvictionTimer] c.n.e.registry.AbstractInstanceRegistry  : Running the evict task with compensationTime 0ms
2024-01-31T15:21:42.654+05:30  INFO 37362 --- [a-EvictionTimer] c.n.e.registry.AbstractInstanceRegistry  : Running the evict task with compensationTime 0ms
2024-01-31T15:22:42.654+05:30  INFO 37362 --- [a-EvictionTimer] c.n.e.registry.AbstractInstanceRegistry  : Running the evict task with compensationTime 0ms
2024-01-31T15:23:42.654+05:30  INFO 37362 --- [a-EvictionTimer] c.n.e.registry.AbstractInstanceRegistry  : Running the evict task with compensationTime 0ms
2024-01-31T15:24:42.654+05:30  INFO 37362 --- [a-EvictionTimer] c.n.e.registry.AbstractInstanceRegistry  : Running the evict task with compensationTime 0ms
2024-01-31T15:25:42.654+05:30  INFO 37362 --- [a-EvictionTimer] c.n.e.registry.AbstractInstanceRegistry  : Running the evict task with compensationTime 0ms
2024-01-31T15:26:42.654+05:30  INFO 37362 --- [a-EvictionTimer] c.n.e.registry.AbstractInstanceRegistry  : Running the evict task with compensationTime 0ms
2024-01-31T15:27:42.654+05:30  INFO 37362 --- [a-EvictionTimer] c.n.e.registry.AbstractInstanceRegistry  : Running the evict task with compensationTime 0ms
2024-01-31T15:28:42.576+05:30  INFO 37362 --- [hresholdUpdater] c.n.e.r.PeerAwareInstanceRegistryImpl    : Current renewal threshold is : 6
2024-01-31T15:28:42.654+05:30  INFO 37362 --- [a-EvictionTimer] c.n.e.registry.AbstractInstanceRegistry  : Running the evict task with compensationTime 0ms
2024-01-31T15:29:42.654+05:30  INFO 37362 --- [a-EvictionTimer] c.n.e.registry.AbstractInstanceRegistry  : Running the evict task with compensationTime 0ms
2024-01-31T15:30:42.654+05:30  INFO 37362 --- [a-EvictionTimer] c.n.e.registry.AbstractInstanceRegistry  : Running the evict task with compensationTime 0ms
2024-01-31T15:31:42.654+05:30  INFO 37362 --- [a-EvictionTimer] c.n.e.registry.AbstractInstanceRegistry  : Running the evict task with compensationTime 0ms
2024-01-31T15:32:42.654+05:30  INFO 37362 --- [a-EvictionTimer] c.n.e.registry.AbstractInstanceRegistry  : Running the evict task with compensationTime 0ms
2024-01-31T15:33:42.654+05:30  INFO 37362 --- [a-EvictionTimer] c.n.e.registry.AbstractInstanceRegistry  : Running the evict task with compensationTime 0ms
2024-01-31T15:34:42.654+05:30  INFO 37362 --- [a-EvictionTimer] c.n.e.registry.AbstractInstanceRegistry  : Running the evict task with compensationTime 0ms
2024-01-31T15:35:42.654+05:30  INFO 37362 --- [a-EvictionTimer] c.n.e.registry.AbstractInstanceRegistry  : Running the evict task with compensationTime 0ms
2024-01-31T15:36:42.654+05:30  INFO 37362 --- [a-EvictionTimer] c.n.e.registry.AbstractInstanceRegistry  : Running the evict task with compensationTime 0ms
2024-01-31T15:37:42.654+05:30  INFO 37362 --- [a-EvictionTimer] c.n.e.registry.AbstractInstanceRegistry  : Running the evict task with compensationTime 0ms
2024-01-31T15:51:49.880+05:30  INFO 37362 --- [a-EvictionTimer] c.n.e.registry.AbstractInstanceRegistry  : Running the evict task with compensationTime 0ms
2024-01-31T15:52:49.881+05:30  INFO 37362 --- [a-EvictionTimer] c.n.e.registry.AbstractInstanceRegistry  : Running the evict task with compensationTime 0ms
2024-01-31T15:53:49.880+05:30  INFO 37362 --- [a-EvictionTimer] c.n.e.registry.AbstractInstanceRegistry  : Running the evict task with compensationTime 0ms
2024-01-31T15:54:49.880+05:30  INFO 37362 --- [a-EvictionTimer] c.n.e.registry.AbstractInstanceRegistry  : Running the evict task with compensationTime 0ms
2024-01-31T15:55:49.880+05:30  INFO 37362 --- [a-EvictionTimer] c.n.e.registry.AbstractInstanceRegistry  : Running the evict task with compensationTime 0ms
2024-01-31T15:56:49.802+05:30  INFO 37362 --- [hresholdUpdater] c.n.e.r.PeerAwareInstanceRegistryImpl    : Current renewal threshold is : 6
2024-01-31T15:56:49.880+05:30  INFO 37362 --- [a-EvictionTimer] c.n.e.registry.AbstractInstanceRegistry  : Running the evict task with compensationTime 0ms
2024-01-31T15:57:49.881+05:30  INFO 37362 --- [a-EvictionTimer] c.n.e.registry.AbstractInstanceRegistry  : Running the evict task with compensationTime 0ms
2024-01-31T15:58:49.881+05:30  INFO 37362 --- [a-EvictionTimer] c.n.e.registry.AbstractInstanceRegistry  : Running the evict task with compensationTime 0ms
2024-01-31T15:59:49.881+05:30  INFO 37362 --- [a-EvictionTimer] c.n.e.registry.AbstractInstanceRegistry  : Running the evict task with compensationTime 0ms
2024-01-31T16:00:49.881+05:30  INFO 37362 --- [a-EvictionTimer] c.n.e.registry.AbstractInstanceRegistry  : Running the evict task with compensationTime 0ms
2024-01-31T16:01:49.881+05:30  INFO 37362 --- [a-EvictionTimer] c.n.e.registry.AbstractInstanceRegistry  : Running the evict task with compensationTime 0ms
2024-01-31T16:02:49.881+05:30  INFO 37362 --- [a-EvictionTimer] c.n.e.registry.AbstractInstanceRegistry  : Running the evict task with compensationTime 0ms
2024-01-31T16:03:06.354+05:30  INFO 37362 --- [nio-8761-exec-6] c.n.e.registry.AbstractInstanceRegistry  : Registered instance API-GATEWAY/192.168.1.12:API-GATEWAY:8084 with status DOWN (replication=false)
2024-01-31T16:03:06.422+05:30  INFO 37362 --- [nio-8761-exec-5] c.n.e.registry.AbstractInstanceRegistry  : Registered instance CONFIG-SERVER/192.168.1.12:CONFIG-SERVER:8085 with status DOWN (replication=false)
2024-01-31T16:03:06.455+05:30  INFO 37362 --- [ionShutdownHook] o.s.c.n.e.s.EurekaServiceRegistry        : Unregistering application EUREKA-SERVER with eureka with status DOWN
2024-01-31T16:03:06.535+05:30  INFO 37362 --- [ionShutdownHook] o.s.c.n.e.server.EurekaServerBootstrap   : Shutting down Eureka Server..
2024-01-31T16:03:06.559+05:30  INFO 37362 --- [ionShutdownHook] c.n.eureka.DefaultEurekaServerContext    : Shutting down ...
2024-01-31T16:03:06.565+05:30  INFO 37362 --- [ionShutdownHook] com.netflix.servo.monitor.StatsMonitor   : Attempting to get the value for an expired monitor: eurekaServer.replication.batchSize.Will start computing stats again.
2024-01-31T16:03:06.587+05:30  INFO 37362 --- [ionShutdownHook] com.netflix.servo.monitor.StatsMonitor   : Attempting to get the value for an expired monitor: eurekaServer.replication.executionTime.Will start computing stats again.
2024-01-31T16:03:06.600+05:30  INFO 37362 --- [ionShutdownHook] com.netflix.servo.monitor.StatsMonitor   : Attempting to get the value for an expired monitor: eurekaServer.replication.executionTime.Will start computing stats again.
2024-01-31T16:03:06.601+05:30  INFO 37362 --- [ionShutdownHook] com.netflix.servo.monitor.StatsMonitor   : Attempting to get the value for an expired monitor: eurekaServer.replication.batchSize.Will start computing stats again.
2024-01-31T16:03:06.642+05:30  INFO 37362 --- [ionShutdownHook] c.n.eureka.DefaultEurekaServerContext    : Shut down
2024-01-31T16:03:06.642+05:30  INFO 37362 --- [ionShutdownHook] o.s.c.n.e.server.EurekaServerBootstrap   : Eureka Service is now shutdown...
2024-01-31T16:03:06.646+05:30  INFO 37362 --- [ionShutdownHook] c.n.eureka.DefaultEurekaServerContext    : Shutting down ...
2024-01-31T16:03:06.662+05:30  INFO 37362 --- [ionShutdownHook] c.n.eureka.DefaultEurekaServerContext    : Shut down
2024-01-31T16:03:06.681+05:30  INFO 37362 --- [ionShutdownHook] com.netflix.discovery.DiscoveryClient    : Shutting down DiscoveryClient ...
2024-01-31T16:03:06.683+05:30  INFO 37362 --- [ionShutdownHook] com.netflix.discovery.DiscoveryClient    : Completed shut down of DiscoveryClient
